2023-09-18 17:04:04,686 - ERROR - error: list index out of range
2023-09-18 17:08:09,764 - ERROR - error: '所得稅費用（利益）'
2023-09-18 17:10:44,610 - ERROR - error: list index out of range
2023-09-18 22:12:56,653 - ERROR - error: '利息費用'
2023-09-18 22:13:30,177 - ERROR - error: '利息費用'
2023-09-18 22:28:36,699 - ERROR - error: 1213 list index out of range
2023-09-18 22:32:37,793 - ERROR - error: 1337 '所得稅費用（利益）'
2023-09-18 22:35:15,804 - ERROR - error: 1441 list index out of range
2023-09-18 22:37:06,642 - ERROR - error: 1463 ('Connection aborted.', ConnectionResetError(104, 'Connection reset by peer'))
2023-09-18 22:37:06,643 - ERROR - error: 1463 'NoneType' object is not subscriptable
2023-09-18 22:37:06,933 - ERROR - error: 1464 ('Connection aborted.', ConnectionResetError(104, 'Connection reset by peer'))
2023-09-18 22:37:06,984 - ERROR - error: 1464 ('Connection aborted.', ConnectionResetError(104, 'Connection reset by peer'))
2023-09-18 22:37:07,279 - ERROR - error: 1465 ('Connection aborted.', ConnectionResetError(104, 'Connection reset by peer'))
2023-09-18 22:37:07,326 - ERROR - error: 1465 ('Connection aborted.', ConnectionResetError(104, 'Connection reset by peer'))
2023-09-18 22:37:07,638 - ERROR - error: 1466 ('Connection aborted.', ConnectionResetError(104, 'Connection reset by peer'))
2023-09-18 22:37:07,687 - ERROR - error: 1466 ('Connection aborted.', ConnectionResetError(104, 'Connection reset by peer'))
2023-09-18 22:37:07,980 - ERROR - error: 1467 ('Connection aborted.', ConnectionResetError(104, 'Connection reset by peer'))
2023-09-18 22:37:08,029 - ERROR - error: 1467 ('Connection aborted.', ConnectionResetError(104, 'Connection reset by peer'))
2023-09-18 22:37:08,317 - ERROR - error: 1468 ('Connection aborted.', ConnectionResetError(104, 'Connection reset by peer'))
2023-09-18 22:37:08,367 - ERROR - error: 1468 ('Connection aborted.', ConnectionResetError(104, 'Connection reset by peer'))
2023-09-18 22:37:08,673 - ERROR - error: 1470 ('Connection aborted.', ConnectionResetError(104, 'Connection reset by peer'))
2023-09-18 22:37:08,724 - ERROR - error: 1470 ('Connection aborted.', ConnectionResetError(104, 'Connection reset by peer'))
2023-09-18 22:37:09,013 - ERROR - error: 1471 ('Connection aborted.', ConnectionResetError(104, 'Connection reset by peer'))
2023-09-18 22:37:09,060 - ERROR - error: 1471 ('Connection aborted.', ConnectionResetError(104, 'Connection reset by peer'))
2023-09-18 22:37:09,362 - ERROR - error: 1472 ('Connection aborted.', ConnectionResetError(104, 'Connection reset by peer'))
2023-09-18 22:37:09,421 - ERROR - error: 1472 ('Connection aborted.', ConnectionResetError(104, 'Connection reset by peer'))
2023-09-18 22:37:09,712 - ERROR - error: 1473 ('Connection aborted.', ConnectionResetError(104, 'Connection reset by peer'))
2023-09-18 22:37:09,761 - ERROR - error: 1473 ('Connection aborted.', ConnectionResetError(104, 'Connection reset by peer'))
2023-09-18 22:37:10,066 - ERROR - error: 1474 ('Connection aborted.', ConnectionResetError(104, 'Connection reset by peer'))
2023-09-18 22:37:10,118 - ERROR - error: 1474 ('Connection aborted.', ConnectionResetError(104, 'Connection reset by peer'))
2023-09-18 22:37:10,411 - ERROR - error: 1475 ('Connection aborted.', ConnectionResetError(104, 'Connection reset by peer'))
2023-09-18 22:37:10,462 - ERROR - error: 1475 ('Connection aborted.', ConnectionResetError(104, 'Connection reset by peer'))
2023-09-18 22:37:10,853 - ERROR - error: 1476 ('Connection aborted.', ConnectionResetError(104, 'Connection reset by peer'))
2023-09-18 22:37:10,950 - ERROR - error: 1476 ('Connection aborted.', ConnectionResetError(104, 'Connection reset by peer'))
2023-09-18 22:37:11,262 - ERROR - error: 1477 ('Connection aborted.', ConnectionResetError(104, 'Connection reset by peer'))
2023-09-18 22:37:11,343 - ERROR - error: 1477 ('Connection aborted.', ConnectionResetError(104, 'Connection reset by peer'))
2023-09-18 22:37:11,635 - ERROR - error: 1503 ('Connection aborted.', ConnectionResetError(104, 'Connection reset by peer'))
2023-09-18 22:37:11,681 - ERROR - error: 1503 ('Connection aborted.', ConnectionResetError(104, 'Connection reset by peer'))
2023-09-18 22:37:11,972 - ERROR - error: 1504 ('Connection aborted.', ConnectionResetError(104, 'Connection reset by peer'))
2023-09-18 22:37:12,024 - ERROR - error: 1504 ('Connection aborted.', ConnectionResetError(104, 'Connection reset by peer'))
2023-09-18 22:37:12,321 - ERROR - error: 1506 ('Connection aborted.', ConnectionResetError(104, 'Connection reset by peer'))
2023-09-18 22:37:12,371 - ERROR - error: 1506 ('Connection aborted.', ConnectionResetError(104, 'Connection reset by peer'))
2023-09-18 22:37:12,673 - ERROR - error: 1512 ('Connection aborted.', ConnectionResetError(104, 'Connection reset by peer'))
2023-09-18 22:37:12,721 - ERROR - error: 1512 ('Connection aborted.', ConnectionResetError(104, 'Connection reset by peer'))
2023-09-18 22:37:13,011 - ERROR - error: 1513 ('Connection aborted.', ConnectionResetError(104, 'Connection reset by peer'))
2023-09-18 22:37:13,058 - ERROR - error: 1513 ('Connection aborted.', ConnectionResetError(104, 'Connection reset by peer'))
2023-09-18 22:37:13,356 - ERROR - error: 1514 ('Connection aborted.', ConnectionResetError(104, 'Connection reset by peer'))
2023-09-18 22:37:13,406 - ERROR - error: 1514 ('Connection aborted.', ConnectionResetError(104, 'Connection reset by peer'))
2023-09-18 22:37:48,601 - ERROR - error: 1521 '利息費用'
2023-09-18 22:38:21,941 - ERROR - error: 1527 '利息費用'
2023-09-18 23:04:55,201 - ERROR - error: 2441 '利息費用'
2023-09-18 23:05:08,477 - ERROR - error: 2443 '所得稅費用（利益）'
2023-09-18 23:15:19,385 - ERROR - error: 2701 '利息費用'
2023-09-18 23:25:30,833 - ERROR - error: 3040 '利息費用'
2023-09-18 23:37:04,628 - ERROR - error: 4104 ('Connection aborted.', ConnectionResetError(104, 'Connection reset by peer'))
2023-09-18 23:37:04,671 - ERROR - error: 4104 ('Connection aborted.', ConnectionResetError(104, 'Connection reset by peer'))
2023-09-18 23:37:04,968 - ERROR - error: 4106 ('Connection aborted.', ConnectionResetError(104, 'Connection reset by peer'))
2023-09-18 23:37:05,011 - ERROR - error: 4106 ('Connection aborted.', ConnectionResetError(104, 'Connection reset by peer'))
2023-09-18 23:37:05,300 - ERROR - error: 4108 ('Connection aborted.', ConnectionResetError(104, 'Connection reset by peer'))
2023-09-18 23:37:05,346 - ERROR - error: 4108 ('Connection aborted.', ConnectionResetError(104, 'Connection reset by peer'))
2023-09-18 23:37:05,642 - ERROR - error: 4119 ('Connection aborted.', ConnectionResetError(104, 'Connection reset by peer'))
2023-09-18 23:37:05,693 - ERROR - error: 4119 ('Connection aborted.', ConnectionResetError(104, 'Connection reset by peer'))
2023-09-18 23:37:05,990 - ERROR - error: 4133 ('Connection aborted.', ConnectionResetError(104, 'Connection reset by peer'))
2023-09-18 23:37:06,034 - ERROR - error: 4133 ('Connection aborted.', ConnectionResetError(104, 'Connection reset by peer'))
2023-09-18 23:37:06,328 - ERROR - error: 4137 ('Connection aborted.', ConnectionResetError(104, 'Connection reset by peer'))
2023-09-18 23:37:06,372 - ERROR - error: 4137 ('Connection aborted.', ConnectionResetError(104, 'Connection reset by peer'))
2023-09-18 23:37:06,677 - ERROR - error: 4142 ('Connection aborted.', ConnectionResetError(104, 'Connection reset by peer'))
2023-09-18 23:37:06,720 - ERROR - error: 4142 ('Connection aborted.', ConnectionResetError(104, 'Connection reset by peer'))
2023-09-18 23:37:07,039 - ERROR - error: 4148 ('Connection aborted.', ConnectionResetError(104, 'Connection reset by peer'))
2023-09-18 23:37:07,087 - ERROR - error: 4148 ('Connection aborted.', ConnectionResetError(104, 'Connection reset by peer'))
2023-09-18 23:37:07,408 - ERROR - error: 4155 ('Connection aborted.', ConnectionResetError(104, 'Connection reset by peer'))
2023-09-18 23:37:07,450 - ERROR - error: 4155 ('Connection aborted.', ConnectionResetError(104, 'Connection reset by peer'))
2023-09-18 23:37:07,785 - ERROR - error: 4164 ('Connection aborted.', ConnectionResetError(104, 'Connection reset by peer'))
2023-09-18 23:37:07,829 - ERROR - error: 4164 ('Connection aborted.', ConnectionResetError(104, 'Connection reset by peer'))
2023-09-18 23:37:08,131 - ERROR - error: 4190 ('Connection aborted.', ConnectionResetError(104, 'Connection reset by peer'))
2023-09-18 23:37:08,174 - ERROR - error: 4190 ('Connection aborted.', ConnectionResetError(104, 'Connection reset by peer'))
2023-09-18 23:37:08,489 - ERROR - error: 4306 ('Connection aborted.', ConnectionResetError(104, 'Connection reset by peer'))
2023-09-18 23:37:08,534 - ERROR - error: 4306 ('Connection aborted.', ConnectionResetError(104, 'Connection reset by peer'))
2023-09-18 23:37:08,852 - ERROR - error: 4414 ('Connection aborted.', ConnectionResetError(104, 'Connection reset by peer'))
2023-09-18 23:37:08,896 - ERROR - error: 4414 ('Connection aborted.', ConnectionResetError(104, 'Connection reset by peer'))
2023-09-18 23:37:09,221 - ERROR - error: 4426 ('Connection aborted.', ConnectionResetError(104, 'Connection reset by peer'))
2023-09-18 23:37:09,263 - ERROR - error: 4426 ('Connection aborted.', ConnectionResetError(104, 'Connection reset by peer'))
2023-09-18 23:37:09,556 - ERROR - error: 4438 ('Connection aborted.', ConnectionResetError(104, 'Connection reset by peer'))
2023-09-18 23:37:09,601 - ERROR - error: 4438 ('Connection aborted.', ConnectionResetError(104, 'Connection reset by peer'))
2023-09-18 23:37:09,900 - ERROR - error: 4439 ('Connection aborted.', ConnectionResetError(104, 'Connection reset by peer'))
2023-09-18 23:37:09,946 - ERROR - error: 4439 ('Connection aborted.', ConnectionResetError(104, 'Connection reset by peer'))
2023-09-18 23:37:10,239 - ERROR - error: 4440 ('Connection aborted.', ConnectionResetError(104, 'Connection reset by peer'))
2023-09-18 23:37:10,293 - ERROR - error: 4440 ('Connection aborted.', ConnectionResetError(104, 'Connection reset by peer'))
2023-09-18 23:37:10,587 - ERROR - error: 4526 ('Connection aborted.', ConnectionResetError(104, 'Connection reset by peer'))
2023-09-18 23:37:10,629 - ERROR - error: 4526 ('Connection aborted.', ConnectionResetError(104, 'Connection reset by peer'))
2023-09-18 23:37:10,935 - ERROR - error: 4532 ('Connection aborted.', ConnectionResetError(104, 'Connection reset by peer'))
2023-09-18 23:37:10,978 - ERROR - error: 4532 ('Connection aborted.', ConnectionResetError(104, 'Connection reset by peer'))
2023-09-18 23:37:11,273 - ERROR - error: 4536 ('Connection aborted.', ConnectionResetError(104, 'Connection reset by peer'))
2023-09-18 23:37:11,329 - ERROR - error: 4536 ('Connection aborted.', ConnectionResetError(104, 'Connection reset by peer'))
2023-09-18 23:37:11,623 - ERROR - error: 4540 ('Connection aborted.', ConnectionResetError(104, 'Connection reset by peer'))
2023-09-18 23:37:11,665 - ERROR - error: 4540 ('Connection aborted.', ConnectionResetError(104, 'Connection reset by peer'))
2023-09-18 23:37:11,956 - ERROR - error: 4545 ('Connection aborted.', ConnectionResetError(104, 'Connection reset by peer'))
2023-09-18 23:37:11,998 - ERROR - error: 4545 ('Connection aborted.', ConnectionResetError(104, 'Connection reset by peer'))
2023-09-18 23:37:12,322 - ERROR - error: 4551 ('Connection aborted.', ConnectionResetError(104, 'Connection reset by peer'))
2023-09-18 23:37:12,368 - ERROR - error: 4551 ('Connection aborted.', ConnectionResetError(104, 'Connection reset by peer'))
2023-09-18 23:37:12,672 - ERROR - error: 4552 ('Connection aborted.', ConnectionResetError(104, 'Connection reset by peer'))
2023-09-18 23:37:12,716 - ERROR - error: 4552 ('Connection aborted.', ConnectionResetError(104, 'Connection reset by peer'))
2023-09-18 23:37:13,008 - ERROR - error: 4555 ('Connection aborted.', ConnectionResetError(104, 'Connection reset by peer'))
2023-09-18 23:37:13,050 - ERROR - error: 4555 ('Connection aborted.', ConnectionResetError(104, 'Connection reset by peer'))
2023-09-18 23:37:13,351 - ERROR - error: 4557 ('Connection aborted.', ConnectionResetError(104, 'Connection reset by peer'))
2023-09-18 23:37:13,392 - ERROR - error: 4557 ('Connection aborted.', ConnectionResetError(104, 'Connection reset by peer'))
2023-09-18 23:37:13,690 - ERROR - error: 4560 ('Connection aborted.', ConnectionResetError(104, 'Connection reset by peer'))
2023-09-18 23:37:13,735 - ERROR - error: 4560 ('Connection aborted.', ConnectionResetError(104, 'Connection reset by peer'))
2023-09-18 23:44:25,505 - ERROR - error: 5471 '利息費用'
2023-09-18 23:46:38,929 - ERROR - error: 6005 '利息費用'
2023-09-18 23:46:45,493 - ERROR - error: 6024 '利息費用'
2023-09-18 23:50:54,085 - ERROR - error: 6216 '利息費用'
2023-09-18 23:57:24,581 - ERROR - error: 6657 '所得稅費用（利益）'
2023-09-19 00:01:52,937 - ERROR - error: 6902 '所得稅費用（利益）'
2023-09-19 00:11:46,664 - ERROR - error: 9941 '利息費用'
2023-09-19 10:56:40,446 - ERROR - error: 1101 '租賃負債-非流動'
2023-09-19 11:01:50,423 - ERROR - error: 1101 '應父公司債'
2023-09-19 11:33:48,039 - ERROR - error: 2443 '長期借款'
2023-09-19 11:34:38,727 - ERROR - error: 2443 '所得稅費用（利益）'
2023-09-19 11:35:42,215 - ERROR - error: 2443 '所得稅費用（利益）'
2023-09-19 11:36:24,254 - ERROR - error: 2443 '所得稅費用（利益）'
2023-09-19 11:48:38,535 - ERROR - error: 1103 '應付公司債'
2023-09-19 11:48:49,447 - ERROR - error: 1104 '長期借款'
2023-09-19 11:49:00,426 - ERROR - error: 1108 '應付公司債'
2023-09-19 11:49:11,378 - ERROR - error: 1109 '長期借款'
2023-09-20 15:08:15,713 - ERROR - error: 1213 list index out of range
2023-09-20 15:24:30,904 - ERROR - error: 1441 list index out of range
2023-09-20 16:13:09,371 - ERROR - error: 1516 ('Connection aborted.', ConnectionResetError(104, 'Connection reset by peer'))
2023-09-20 17:13:09,148 - ERROR - error: 2408 ('Connection aborted.', ConnectionResetError(104, 'Connection reset by peer'))
2023-09-20 17:13:12,290 - ERROR - error: 2408 ('Connection aborted.', ConnectionResetError(104, 'Connection reset by peer'))
2023-09-20 22:42:08,265 - ERROR - error: 1213 list index out of range
2023-09-20 22:49:09,005 - ERROR - error: 1313 ('Connection aborted.', ConnectionResetError(104, 'Connection reset by peer'))
2023-09-20 22:49:09,005 - ERROR - error: 1313 'NoneType' object is not subscriptable
2023-09-20 22:49:12,353 - ERROR - error: 1314 ('Connection aborted.', ConnectionResetError(104, 'Connection reset by peer'))
2023-09-20 22:59:01,208 - ERROR - error: 1213 list index out of range
2023-09-20 23:15:17,720 - ERROR - error: 1441 list index out of range
2023-09-20 23:49:04,096 - ERROR - error: 1817 ('Connection aborted.', ConnectionResetError(104, 'Connection reset by peer'))
2023-09-20 23:49:07,201 - ERROR - error: 1817 ('Connection aborted.', ConnectionResetError(104, 'Connection reset by peer'))
2023-09-20 23:49:10,558 - ERROR - error: 1903 ('Connection aborted.', ConnectionResetError(104, 'Connection reset by peer'))
2023-09-21 02:37:09,481 - ERROR - error: 1321 ('Connection aborted.', ConnectionResetError(104, 'Connection reset by peer'))
2023-09-21 02:37:12,838 - ERROR - error: 1323 ('Connection aborted.', ConnectionResetError(104, 'Connection reset by peer'))
2023-09-21 17:49:05,886 - ERROR - error: 1905 ('Connection aborted.', ConnectionResetError(104, 'Connection reset by peer'))
2023-09-21 17:49:07,054 - ERROR - error: 1906 ('Connection aborted.', ConnectionResetError(104, 'Connection reset by peer'))
2023-09-21 17:49:07,149 - ERROR - error: 1906 ('Connection aborted.', ConnectionResetError(104, 'Connection reset by peer'))
2023-09-21 17:49:08,231 - ERROR - error: 1907 ('Connection aborted.', ConnectionResetError(104, 'Connection reset by peer'))
2023-09-21 17:49:08,305 - ERROR - error: 1907 ('Connection aborted.', ConnectionResetError(104, 'Connection reset by peer'))
2023-09-21 17:49:09,376 - ERROR - error: 1909 ('Connection aborted.', ConnectionResetError(104, 'Connection reset by peer'))
2023-09-21 17:49:09,450 - ERROR - error: 1909 ('Connection aborted.', ConnectionResetError(104, 'Connection reset by peer'))
2023-09-21 17:49:10,549 - ERROR - error: 2002 ('Connection aborted.', ConnectionResetError(104, 'Connection reset by peer'))
2023-09-21 17:49:10,637 - ERROR - error: 2002 ('Connection aborted.', ConnectionResetError(104, 'Connection reset by peer'))
2023-09-21 17:49:11,720 - ERROR - error: 2006 ('Connection aborted.', ConnectionResetError(104, 'Connection reset by peer'))
2023-09-21 17:49:11,802 - ERROR - error: 2006 ('Connection aborted.', ConnectionResetError(104, 'Connection reset by peer'))
2023-09-21 17:49:12,936 - ERROR - error: 2007 ('Connection aborted.', ConnectionResetError(104, 'Connection reset by peer'))
2023-09-21 17:49:13,020 - ERROR - error: 2007 ('Connection aborted.', ConnectionResetError(104, 'Connection reset by peer'))
2023-09-24 21:01:08,288 - ERROR - error: 1442 ('Connection aborted.', ConnectionResetError(104, 'Connection reset by peer'))
2023-09-24 21:01:11,613 - ERROR - error: 1443 ('Connection aborted.', ConnectionResetError(104, 'Connection reset by peer'))
2023-09-24 21:31:07,446 - ERROR - error: 1773 ('Connection aborted.', ConnectionResetError(104, 'Connection reset by peer'))
2023-09-24 21:31:10,744 - ERROR - error: 1776 ('Connection aborted.', ConnectionResetError(104, 'Connection reset by peer'))
2023-09-24 22:01:07,542 - ERROR - error: 2363 ('Connection aborted.', ConnectionResetError(104, 'Connection reset by peer'))
2023-09-24 22:01:10,646 - ERROR - error: 2363 ('Connection aborted.', ConnectionResetError(104, 'Connection reset by peer'))
2023-09-24 22:31:07,188 - ERROR - error: 2530 ('Connection aborted.', ConnectionResetError(104, 'Connection reset by peer'))
2023-09-24 22:31:10,520 - ERROR - error: 2534 ('Connection aborted.', ConnectionResetError(104, 'Connection reset by peer'))
2023-09-25 11:57:40,140 - ERROR - error: 2801 name 'proint' is not defined
2023-09-25 11:57:58,268 - ERROR - error: 2801 name 'proint' is not defined
2023-09-25 16:11:32,147 - ERROR - error: 2801 name 'peroid' is not defined
2023-09-25 18:25:03,668 - ERROR - error: 2236 ('Connection aborted.', ConnectionResetError(104, 'Connection reset by peer'))
2023-09-25 18:25:03,726 - ERROR - error: 2236 ('Connection aborted.', ConnectionResetError(104, 'Connection reset by peer'))
2023-09-25 18:25:04,069 - ERROR - error: 2239 ('Connection aborted.', ConnectionResetError(104, 'Connection reset by peer'))
2023-09-25 18:25:04,133 - ERROR - error: 2239 ('Connection aborted.', ConnectionResetError(104, 'Connection reset by peer'))
2023-09-25 18:25:04,470 - ERROR - error: 2241 ('Connection aborted.', ConnectionResetError(104, 'Connection reset by peer'))
2023-09-25 18:25:04,534 - ERROR - error: 2241 ('Connection aborted.', ConnectionResetError(104, 'Connection reset by peer'))
2023-09-25 18:25:04,870 - ERROR - error: 2243 ('Connection aborted.', ConnectionResetError(104, 'Connection reset by peer'))
2023-09-25 18:25:04,934 - ERROR - error: 2243 ('Connection aborted.', ConnectionResetError(104, 'Connection reset by peer'))
2023-09-25 18:25:05,274 - ERROR - error: 2247 ('Connection aborted.', ConnectionResetError(104, 'Connection reset by peer'))
2023-09-25 18:25:05,339 - ERROR - error: 2247 ('Connection aborted.', ConnectionResetError(104, 'Connection reset by peer'))
2023-09-25 18:25:05,676 - ERROR - error: 2250 ('Connection aborted.', ConnectionResetError(104, 'Connection reset by peer'))
2023-09-25 18:25:05,738 - ERROR - error: 2250 ('Connection aborted.', ConnectionResetError(104, 'Connection reset by peer'))
2023-09-25 18:25:06,075 - ERROR - error: 2301 ('Connection aborted.', ConnectionResetError(104, 'Connection reset by peer'))
2023-09-25 18:25:06,140 - ERROR - error: 2301 ('Connection aborted.', ConnectionResetError(104, 'Connection reset by peer'))
2023-09-25 18:25:06,541 - ERROR - error: 2302 ('Connection aborted.', ConnectionResetError(104, 'Connection reset by peer'))
2023-09-25 18:25:07,035 - ERROR - error: 2302 ('Connection aborted.', ConnectionResetError(104, 'Connection reset by peer'))
2023-09-25 18:25:07,372 - ERROR - error: 2303 ('Connection aborted.', ConnectionResetError(104, 'Connection reset by peer'))
2023-09-25 18:25:07,435 - ERROR - error: 2303 ('Connection aborted.', ConnectionResetError(104, 'Connection reset by peer'))
2023-09-25 18:25:07,769 - ERROR - error: 2305 ('Connection aborted.', ConnectionResetError(104, 'Connection reset by peer'))
2023-09-25 18:25:07,835 - ERROR - error: 2305 ('Connection aborted.', ConnectionResetError(104, 'Connection reset by peer'))
2023-09-25 18:25:08,172 - ERROR - error: 2308 ('Connection aborted.', ConnectionResetError(104, 'Connection reset by peer'))
2023-09-25 18:25:08,234 - ERROR - error: 2308 ('Connection aborted.', ConnectionResetError(104, 'Connection reset by peer'))
2023-09-25 18:25:08,570 - ERROR - error: 2312 ('Connection aborted.', ConnectionResetError(104, 'Connection reset by peer'))
2023-09-25 18:25:08,634 - ERROR - error: 2312 ('Connection aborted.', ConnectionResetError(104, 'Connection reset by peer'))
2023-09-25 18:25:08,968 - ERROR - error: 2313 ('Connection aborted.', ConnectionResetError(104, 'Connection reset by peer'))
2023-09-25 18:25:09,029 - ERROR - error: 2313 ('Connection aborted.', ConnectionResetError(104, 'Connection reset by peer'))
2023-09-25 18:25:09,371 - ERROR - error: 2314 ('Connection aborted.', ConnectionResetError(104, 'Connection reset by peer'))
2023-09-25 18:25:09,429 - ERROR - error: 2314 ('Connection aborted.', ConnectionResetError(104, 'Connection reset by peer'))
2023-09-25 18:25:09,760 - ERROR - error: 2316 ('Connection aborted.', ConnectionResetError(104, 'Connection reset by peer'))
2023-09-25 18:25:09,825 - ERROR - error: 2316 ('Connection aborted.', ConnectionResetError(104, 'Connection reset by peer'))
2023-09-25 18:25:10,171 - ERROR - error: 2317 ('Connection aborted.', ConnectionResetError(104, 'Connection reset by peer'))
2023-09-25 18:25:10,235 - ERROR - error: 2317 ('Connection aborted.', ConnectionResetError(104, 'Connection reset by peer'))
2023-09-25 18:25:10,565 - ERROR - error: 2321 ('Connection aborted.', ConnectionResetError(104, 'Connection reset by peer'))
2023-09-25 18:25:10,623 - ERROR - error: 2321 ('Connection aborted.', ConnectionResetError(104, 'Connection reset by peer'))
2023-09-25 18:25:10,952 - ERROR - error: 2323 ('Connection aborted.', ConnectionResetError(104, 'Connection reset by peer'))
2023-09-25 18:25:11,017 - ERROR - error: 2323 ('Connection aborted.', ConnectionResetError(104, 'Connection reset by peer'))
2023-09-25 18:25:12,480 - ERROR - error: 2324 ('Connection aborted.', ConnectionResetError(104, 'Connection reset by peer'))
2023-09-25 18:25:12,551 - ERROR - error: 2324 ('Connection aborted.', ConnectionResetError(104, 'Connection reset by peer'))
2023-09-25 18:25:12,882 - ERROR - error: 2327 ('Connection aborted.', ConnectionResetError(104, 'Connection reset by peer'))
2023-09-25 19:25:03,863 - ERROR - error: 3356 ('Connection aborted.', ConnectionResetError(104, 'Connection reset by peer'))
2023-09-25 19:25:04,519 - ERROR - error: 3376 ('Connection aborted.', ConnectionResetError(104, 'Connection reset by peer'))
2023-09-25 19:25:04,616 - ERROR - error: 3376 ('Connection aborted.', ConnectionResetError(104, 'Connection reset by peer'))
2023-09-25 19:25:05,208 - ERROR - error: 3380 ('Connection aborted.', ConnectionResetError(104, 'Connection reset by peer'))
2023-09-25 19:25:05,290 - ERROR - error: 3380 ('Connection aborted.', ConnectionResetError(104, 'Connection reset by peer'))
2023-09-25 19:25:05,883 - ERROR - error: 3406 ('Connection aborted.', ConnectionResetError(104, 'Connection reset by peer'))
2023-09-25 19:25:05,959 - ERROR - error: 3406 ('Connection aborted.', ConnectionResetError(104, 'Connection reset by peer'))
2023-09-25 19:25:06,546 - ERROR - error: 3413 ('Connection aborted.', ConnectionResetError(104, 'Connection reset by peer'))
2023-09-25 19:25:06,633 - ERROR - error: 3413 ('Connection aborted.', ConnectionResetError(104, 'Connection reset by peer'))
2023-09-25 19:25:07,221 - ERROR - error: 3416 ('Connection aborted.', ConnectionResetError(104, 'Connection reset by peer'))
2023-09-25 19:25:07,374 - ERROR - error: 3416 ('Connection aborted.', ConnectionResetError(104, 'Connection reset by peer'))
2023-09-25 19:25:07,935 - ERROR - error: 3419 ('Connection aborted.', ConnectionResetError(104, 'Connection reset by peer'))
2023-09-25 19:25:08,003 - ERROR - error: 3419 ('Connection aborted.', ConnectionResetError(104, 'Connection reset by peer'))
2023-09-25 19:25:08,592 - ERROR - error: 3432 ('Connection aborted.', ConnectionResetError(104, 'Connection reset by peer'))
2023-09-25 19:25:08,676 - ERROR - error: 3432 ('Connection aborted.', ConnectionResetError(104, 'Connection reset by peer'))
2023-09-25 19:25:09,265 - ERROR - error: 3437 ('Connection aborted.', ConnectionResetError(104, 'Connection reset by peer'))
2023-09-25 19:25:09,342 - ERROR - error: 3437 ('Connection aborted.', ConnectionResetError(104, 'Connection reset by peer'))
2023-09-25 19:25:09,951 - ERROR - error: 3443 ('Connection aborted.', ConnectionResetError(104, 'Connection reset by peer'))
2023-09-25 19:25:10,034 - ERROR - error: 3443 ('Connection aborted.', ConnectionResetError(104, 'Connection reset by peer'))
2023-09-25 19:25:10,651 - ERROR - error: 3447 ('Connection aborted.', ConnectionResetError(104, 'Connection reset by peer'))
2023-09-25 19:25:10,742 - ERROR - error: 3447 ('Connection aborted.', ConnectionResetError(104, 'Connection reset by peer'))
2023-09-25 19:25:11,328 - ERROR - error: 3450 ('Connection aborted.', ConnectionResetError(104, 'Connection reset by peer'))
2023-09-25 19:25:11,404 - ERROR - error: 3450 ('Connection aborted.', ConnectionResetError(104, 'Connection reset by peer'))
2023-09-25 19:25:11,993 - ERROR - error: 3454 ('Connection aborted.', ConnectionResetError(104, 'Connection reset by peer'))
2023-09-25 19:25:12,083 - ERROR - error: 3454 ('Connection aborted.', ConnectionResetError(104, 'Connection reset by peer'))
2023-09-25 19:25:12,669 - ERROR - error: 3494 ('Connection aborted.', ConnectionResetError(104, 'Connection reset by peer'))
2023-09-25 19:25:12,761 - ERROR - error: 3494 ('Connection aborted.', ConnectionResetError(104, 'Connection reset by peer'))
2023-10-02 15:08:26,148 - ERROR - error: 2330 HTTPSConnectionPool(host='mops.twse.com.tw', port=443): Max retries exceeded with url: /mops/web/ajax_t164sb03 (Caused by NewConnectionError('<urllib3.connection.VerifiedHTTPSConnection object at 0x7fcae070bfd0>: Failed to establish a new connection: [Errno -3] Temporary failure in name resolution'))
2023-10-02 15:08:45,700 - ERROR - error: 2330 HTTPSConnectionPool(host='mops.twse.com.tw', port=443): Max retries exceeded with url: /mops/web/ajax_t164sb04 (Caused by NewConnectionError('<urllib3.connection.VerifiedHTTPSConnection object at 0x7fcae070be50>: Failed to establish a new connection: [Errno -3] Temporary failure in name resolution'))
2023-10-02 15:09:05,276 - ERROR - error: 2330 HTTPSConnectionPool(host='mops.twse.com.tw', port=443): Max retries exceeded with url: /mops/web/ajax_t164sb03 (Caused by NewConnectionError('<urllib3.connection.VerifiedHTTPSConnection object at 0x7f7572f32c40>: Failed to establish a new connection: [Errno -3] Temporary failure in name resolution'))
2023-10-02 15:09:24,849 - ERROR - error: 2330 HTTPSConnectionPool(host='mops.twse.com.tw', port=443): Max retries exceeded with url: /mops/web/ajax_t164sb04 (Caused by NewConnectionError('<urllib3.connection.VerifiedHTTPSConnection object at 0x7f843cd25ee0>: Failed to establish a new connection: [Errno -3] Temporary failure in name resolution'))
2023-10-02 15:09:44,421 - ERROR - error: 2330 HTTPSConnectionPool(host='mops.twse.com.tw', port=443): Max retries exceeded with url: /mops/web/ajax_t164sb03 (Caused by NewConnectionError('<urllib3.connection.VerifiedHTTPSConnection object at 0x7fb9cbb05d90>: Failed to establish a new connection: [Errno -3] Temporary failure in name resolution'))
2023-10-02 15:13:09,809 - ERROR - error: 2330 HTTPSConnectionPool(host='mops.twse.com.tw', port=443): Max retries exceeded with url: /mops/web/ajax_t164sb03 (Caused by NewConnectionError('<urllib3.connection.VerifiedHTTPSConnection object at 0x7fd74b627e80>: Failed to establish a new connection: [Errno -3] Temporary failure in name resolution'))
2023-10-02 15:13:29,384 - ERROR - error: 2330 HTTPSConnectionPool(host='mops.twse.com.tw', port=443): Max retries exceeded with url: /mops/web/ajax_t164sb04 (Caused by NewConnectionError('<urllib3.connection.VerifiedHTTPSConnection object at 0x7fd74b627100>: Failed to establish a new connection: [Errno -3] Temporary failure in name resolution'))
2023-10-02 15:13:48,956 - ERROR - error: 2330 HTTPSConnectionPool(host='mops.twse.com.tw', port=443): Max retries exceeded with url: /mops/web/ajax_t164sb05 (Caused by NewConnectionError('<urllib3.connection.VerifiedHTTPSConnection object at 0x7fd74b627f10>: Failed to establish a new connection: [Errno -3] Temporary failure in name resolution'))
2023-10-02 15:14:08,529 - ERROR - error: 2330 HTTPSConnectionPool(host='mops.twse.com.tw', port=443): Max retries exceeded with url: /mops/web/ajax_t164sb03 (Caused by NewConnectionError('<urllib3.connection.VerifiedHTTPSConnection object at 0x7f1a0c69dbe0>: Failed to establish a new connection: [Errno -3] Temporary failure in name resolution'))
2023-10-02 15:14:28,101 - ERROR - error: 2330 HTTPSConnectionPool(host='mops.twse.com.tw', port=443): Max retries exceeded with url: /mops/web/ajax_t164sb04 (Caused by NewConnectionError('<urllib3.connection.VerifiedHTTPSConnection object at 0x7f1ba1ceed30>: Failed to establish a new connection: [Errno -3] Temporary failure in name resolution'))
2023-10-02 15:14:48,308 - ERROR - error: 2330 HTTPSConnectionPool(host='mops.twse.com.tw', port=443): Max retries exceeded with url: /mops/web/ajax_t164sb05 (Caused by NewConnectionError('<urllib3.connection.VerifiedHTTPSConnection object at 0x7f6cbcb60d90>: Failed to establish a new connection: [Errno -3] Temporary failure in name resolution'))
2023-10-02 15:15:08,521 - ERROR - error: 2330 HTTPSConnectionPool(host='mops.twse.com.tw', port=443): Max retries exceeded with url: /mops/web/ajax_t164sb03 (Caused by NewConnectionError('<urllib3.connection.VerifiedHTTPSConnection object at 0x7f7ccf79f190>: Failed to establish a new connection: [Errno -3] Temporary failure in name resolution'))
2023-10-02 15:15:28,721 - ERROR - error: 2330 HTTPSConnectionPool(host='mops.twse.com.tw', port=443): Max retries exceeded with url: /mops/web/ajax_t164sb04 (Caused by NewConnectionError('<urllib3.connection.VerifiedHTTPSConnection object at 0x7f6fd3616fd0>: Failed to establish a new connection: [Errno -3] Temporary failure in name resolution'))
