2023-10-02 09:22:39,768 - ERROR - error: 2330 name 'season' is not defined
2023-10-04 17:43:08,940 - ERROR - error: 2330 'NoneType' object has no attribute 'getText'
2024-03-01 15:22:18,432 - ERROR - error: 1229 invalid literal for int() with base 10: '1229聯華實業投資控股股份有限公司'
2024-03-01 15:35:13,947 - ERROR - error: 1702 invalid literal for int() with base 10: '1702南僑投資控股股份有限公司'
2024-03-01 15:39:34,022 - ERROR - error: 1907 invalid literal for int() with base 10: '1907永豐餘投資控股股份有限公司'
2024-03-01 15:42:44,279 - ERROR - error: 2104 invalid literal for int() with base 10: '2104國際中橡投資控股股份有限公司'
2024-03-01 15:49:06,286 - ERROR - error: 2369 ('Connection aborted.', RemoteDisconnected('Remote end closed connection without response'))
2024-03-01 15:49:06,697 - ERROR - error: 2371 ('Connection aborted.', RemoteDisconnected('Remote end closed connection without response'))
2024-03-01 15:49:07,098 - ERROR - error: 2373 ('Connection aborted.', RemoteDisconnected('Remote end closed connection without response'))
2024-03-01 15:49:07,496 - ERROR - error: 2374 ('Connection aborted.', RemoteDisconnected('Remote end closed connection without response'))
2024-03-01 16:02:25,317 - ERROR - error: 2636 invalid literal for int() with base 10: '2636台驊國際投資控股股份有限公司'
2024-03-01 16:05:37,788 - ERROR - error: 2880 invalid literal for int() with base 10: '2880華南金融控股股份有限公司'
2024-03-01 16:05:43,304 - ERROR - error: 2881 invalid literal for int() with base 10: '2881富邦金融控股股份有限公司'
2024-03-01 16:05:48,781 - ERROR - error: 2882 invalid literal for int() with base 10: '2882國泰金融控股股份有限公司'
2024-03-01 16:05:55,824 - ERROR - error: 2883 invalid literal for int() with base 10: '2883中華開發金融控股股份有限公司'
2024-03-01 16:06:02,526 - ERROR - error: 2884 invalid literal for int() with base 10: '2884玉山金融控股股份有限公司'
2024-03-01 16:06:08,028 - ERROR - error: 2885 invalid literal for int() with base 10: '2885元大金融控股股份有限公司'
2024-03-01 16:06:13,516 - ERROR - error: 2886 invalid literal for int() with base 10: '2886兆豐金融控股股份有限公司'
2024-03-01 16:06:18,985 - ERROR - error: 2887 invalid literal for int() with base 10: '2887台新金融控股股份有限公司'
2024-03-01 16:06:24,479 - ERROR - error: 2888 invalid literal for int() with base 10: '2888新光金融控股股份有限公司'
2024-03-01 16:06:29,987 - ERROR - error: 2889 invalid literal for int() with base 10: '2889國票金融控股股份有限公司'
2024-03-01 16:06:35,475 - ERROR - error: 2890 invalid literal for int() with base 10: '2890永豐金融控股股份有限公司'
2024-03-01 16:06:40,953 - ERROR - error: 2891 invalid literal for int() with base 10: '2891中國信託金融控股股份有限公司'
2024-03-01 16:06:46,386 - ERROR - error: 2892 invalid literal for int() with base 10: '2892第一金融控股股份有限公司'
2024-03-01 16:08:45,224 - ERROR - error: 3005 invalid literal for int() with base 10: '3005神基投資控股股份有限公司'
2024-03-01 16:20:07,333 - ERROR - error: 3682 'NoneType' object has no attribute 'getText'
2024-03-01 16:20:23,832 - ERROR - error: 3701 invalid literal for int() with base 10: '3701大眾全球投資控股股份有限公司'
2024-03-01 16:20:29,355 - ERROR - error: 3702 invalid literal for int() with base 10: '3702大聯大控股股份有限公司'
2024-03-01 16:20:34,858 - ERROR - error: 3703 invalid literal for int() with base 10: '3703欣陸投資控股股份有限公司'
2024-03-01 16:20:41,542 - ERROR - error: 3704 invalid literal for int() with base 10: '3704合勤投資控股股份有限公司'
2024-03-01 16:20:46,999 - ERROR - error: 3705 invalid literal for int() with base 10: '3705永信國際投資控股股份有限公司'
2024-03-01 16:20:52,483 - ERROR - error: 3706 invalid literal for int() with base 10: '3706神達投資控股股份有限公司'
2024-03-01 16:20:59,198 - ERROR - error: 3708 invalid literal for int() with base 10: '3708上緯國際投資控股股份有限公司'
2024-03-01 16:21:05,900 - ERROR - error: 3711 invalid literal for int() with base 10: '3711日月光投資控股股份有限公司'
2024-03-01 16:21:11,375 - ERROR - error: 3712 invalid literal for int() with base 10: '3712永崴投資控股股份有限公司'
2024-03-01 16:21:16,855 - ERROR - error: 3714 invalid literal for int() with base 10: '3714富采投資控股股份有限公司'
2024-03-01 16:21:22,322 - ERROR - error: 3715 invalid literal for int() with base 10: '3715定穎投資控股股份有限公司'
2024-03-01 16:22:20,102 - ERROR - error: 4164 invalid literal for int() with base 10: '4164承業生醫投資控股股份有限公司'
2024-04-28 14:36:02,698 - ERROR - error: 1229 invalid literal for int() with base 10: '1229聯華實業投資控股股份有限公司'
2024-04-28 14:48:29,588 - ERROR - error: 1702 invalid literal for int() with base 10: '1702南僑投資控股股份有限公司'
2024-04-28 14:49:06,914 - ERROR - error: 1713 ('Connection aborted.', RemoteDisconnected('Remote end closed connection without response'))
2024-04-28 14:49:07,490 - ERROR - error: 1714 ('Connection aborted.', RemoteDisconnected('Remote end closed connection without response'))
2024-04-28 14:49:07,940 - ERROR - error: 1717 ('Connection aborted.', RemoteDisconnected('Remote end closed connection without response'))
2024-04-28 14:49:08,354 - ERROR - error: 1718 ('Connection aborted.', RemoteDisconnected('Remote end closed connection without response'))
2024-04-28 14:49:08,778 - ERROR - error: 1720 ('Connection aborted.', RemoteDisconnected('Remote end closed connection without response'))
2024-04-28 14:49:09,206 - ERROR - error: 1721 ('Connection aborted.', RemoteDisconnected('Remote end closed connection without response'))
2024-04-28 14:52:19,714 - ERROR - error: 1907 invalid literal for int() with base 10: '1907永豐餘投資控股股份有限公司'
2024-04-28 14:55:24,252 - ERROR - error: 2104 invalid literal for int() with base 10: '2104國際中橡投資控股股份有限公司'
2024-04-28 15:14:42,438 - ERROR - error: 2636 invalid literal for int() with base 10: '2636台驊國際投資控股股份有限公司'
2024-04-28 15:17:55,382 - ERROR - error: 2880 invalid literal for int() with base 10: '2880華南金融控股股份有限公司'
2024-04-28 15:18:01,038 - ERROR - error: 2881 invalid literal for int() with base 10: '2881富邦金融控股股份有限公司'
2024-04-28 15:18:06,679 - ERROR - error: 2882 invalid literal for int() with base 10: '2882國泰金融控股股份有限公司'
2024-04-28 15:18:12,165 - ERROR - error: 2883 invalid literal for int() with base 10: '2883中華開發金融控股股份有限公司'
2024-04-28 15:18:17,646 - ERROR - error: 2884 invalid literal for int() with base 10: '2884玉山金融控股股份有限公司'
2024-04-28 15:18:23,303 - ERROR - error: 2885 invalid literal for int() with base 10: '2885元大金融控股股份有限公司'
2024-04-28 15:18:28,774 - ERROR - error: 2886 invalid literal for int() with base 10: '2886兆豐金融控股股份有限公司'
2024-04-28 15:18:34,420 - ERROR - error: 2887 invalid literal for int() with base 10: '2887台新金融控股股份有限公司'
2024-04-28 15:18:39,909 - ERROR - error: 2888 invalid literal for int() with base 10: '2888新光金融控股股份有限公司'
2024-04-28 15:18:45,410 - ERROR - error: 2889 invalid literal for int() with base 10: '2889國票金融控股股份有限公司'
2024-04-28 15:18:51,054 - ERROR - error: 2890 invalid literal for int() with base 10: '2890永豐金融控股股份有限公司'
2024-04-28 15:18:56,542 - ERROR - error: 2891 invalid literal for int() with base 10: '2891中國信託金融控股股份有限公司'
2024-04-28 15:19:02,023 - ERROR - error: 2892 invalid literal for int() with base 10: '2892第一金融控股股份有限公司'
2024-04-28 15:19:02,619 - ERROR - error: 2897 ('Connection aborted.', RemoteDisconnected('Remote end closed connection without response'))
2024-04-28 15:19:03,064 - ERROR - error: 2901 ('Connection aborted.', RemoteDisconnected('Remote end closed connection without response'))
2024-04-28 15:19:03,488 - ERROR - error: 2903 ('Connection aborted.', RemoteDisconnected('Remote end closed connection without response'))
2024-04-28 15:19:03,904 - ERROR - error: 2904 ('Connection aborted.', RemoteDisconnected('Remote end closed connection without response'))
2024-04-28 15:19:04,322 - ERROR - error: 2905 ('Connection aborted.', RemoteDisconnected('Remote end closed connection without response'))
2024-04-28 15:19:04,747 - ERROR - error: 2906 ('Connection aborted.', RemoteDisconnected('Remote end closed connection without response'))
2024-04-28 15:19:05,163 - ERROR - error: 2908 ('Connection aborted.', RemoteDisconnected('Remote end closed connection without response'))
2024-04-28 15:19:05,572 - ERROR - error: 2910 ('Connection aborted.', RemoteDisconnected('Remote end closed connection without response'))
2024-04-28 15:19:06,006 - ERROR - error: 2911 ('Connection aborted.', RemoteDisconnected('Remote end closed connection without response'))
2024-04-28 15:19:06,428 - ERROR - error: 2912 ('Connection aborted.', RemoteDisconnected('Remote end closed connection without response'))
2024-04-28 15:19:06,837 - ERROR - error: 2913 ('Connection aborted.', RemoteDisconnected('Remote end closed connection without response'))
2024-04-28 15:19:07,272 - ERROR - error: 2915 ('Connection aborted.', RemoteDisconnected('Remote end closed connection without response'))
2024-04-28 15:19:07,709 - ERROR - error: 2923 ('Connection aborted.', RemoteDisconnected('Remote end closed connection without response'))
2024-04-28 15:19:08,114 - ERROR - error: 2929 ('Connection aborted.', RemoteDisconnected('Remote end closed connection without response'))
2024-04-28 15:19:08,545 - ERROR - error: 2939 ('Connection aborted.', RemoteDisconnected('Remote end closed connection without response'))
2024-04-28 15:19:08,957 - ERROR - error: 2945 ('Connection aborted.', RemoteDisconnected('Remote end closed connection without response'))
2024-04-28 15:19:09,416 - ERROR - error: 3002 ('Connection aborted.', RemoteDisconnected('Remote end closed connection without response'))
2024-04-28 15:19:09,839 - ERROR - error: 3003 ('Connection aborted.', RemoteDisconnected('Remote end closed connection without response'))
2024-04-28 15:19:21,644 - ERROR - error: 3005 invalid literal for int() with base 10: '3005神基投資控股股份有限公司'
2024-04-28 15:30:29,126 - ERROR - error: 3682 'NoneType' object has no attribute 'getText'
2024-04-28 15:30:45,798 - ERROR - error: 3701 invalid literal for int() with base 10: '3701大眾全球投資控股股份有限公司'
2024-04-28 15:30:51,474 - ERROR - error: 3702 invalid literal for int() with base 10: '3702大聯大控股股份有限公司'
2024-04-28 15:30:57,111 - ERROR - error: 3703 invalid literal for int() with base 10: '3703欣陸投資控股股份有限公司'
2024-04-28 15:31:02,761 - ERROR - error: 3704 invalid literal for int() with base 10: '3704合勤投資控股股份有限公司'
2024-04-28 15:31:08,430 - ERROR - error: 3705 invalid literal for int() with base 10: '3705永信國際投資控股股份有限公司'
2024-04-28 15:31:14,062 - ERROR - error: 3706 invalid literal for int() with base 10: '3706神達投資控股股份有限公司'
2024-04-28 15:31:19,538 - ERROR - error: 3708 invalid literal for int() with base 10: '3708上緯國際投資控股股份有限公司'
2024-04-28 15:31:25,015 - ERROR - error: 3711 invalid literal for int() with base 10: '3711日月光投資控股股份有限公司'
2024-04-28 15:31:30,654 - ERROR - error: 3712 invalid literal for int() with base 10: '3712永崴投資控股股份有限公司'
2024-04-28 15:31:36,317 - ERROR - error: 3714 invalid literal for int() with base 10: '3714富采投資控股股份有限公司'
2024-04-28 15:31:41,971 - ERROR - error: 3715 invalid literal for int() with base 10: '3715定穎投資控股股份有限公司'
2024-04-28 15:32:37,662 - ERROR - error: 4164 invalid literal for int() with base 10: '4164承業生醫投資控股股份有限公司'
2024-04-28 15:41:17,079 - ERROR - error: 5607 invalid literal for int() with base 10: '5607遠雄自貿港投資控股股份有限公司'
2024-04-28 15:41:45,050 - ERROR - error: 5880 invalid literal for int() with base 10: '5880合作金庫金融控股股份有限公司'
2024-04-28 15:49:06,490 - ERROR - error: 6531 ('Connection aborted.', RemoteDisconnected('Remote end closed connection without response'))
2024-04-28 15:49:06,915 - ERROR - error: 6533 ('Connection aborted.', RemoteDisconnected('Remote end closed connection without response'))
2024-04-28 15:49:07,331 - ERROR - error: 6541 ('Connection aborted.', RemoteDisconnected('Remote end closed connection without response'))
2024-04-28 15:49:07,774 - ERROR - error: 6550 ('Connection aborted.', RemoteDisconnected('Remote end closed connection without response'))
2024-04-28 15:49:08,191 - ERROR - error: 6552 ('Connection aborted.', RemoteDisconnected('Remote end closed connection without response'))
2024-04-28 15:49:08,773 - ERROR - error: 6558 ('Connection aborted.', RemoteDisconnected('Remote end closed connection without response'))
2024-04-28 15:49:09,198 - ERROR - error: 6573 ('Connection aborted.', RemoteDisconnected('Remote end closed connection without response'))
2024-04-28 15:49:09,625 - ERROR - error: 6579 ('Connection aborted.', RemoteDisconnected('Remote end closed connection without response'))
2024-04-28 15:49:10,039 - ERROR - error: 6581 ('Connection aborted.', RemoteDisconnected('Remote end closed connection without response'))
2024-04-28 15:58:56,350 - ERROR - error: 9103 'NoneType' object has no attribute 'getText'
2024-04-28 15:59:07,441 - ERROR - error: 9110 'NoneType' object has no attribute 'getText'
2024-04-28 15:59:13,052 - ERROR - error: 9136 'NoneType' object has no attribute 'getText'
2024-04-28 16:33:37,235 - ERROR - error: 3701 invalid literal for int() with base 10: '3701大眾全球投資控股股份有限公司'
2024-04-28 16:43:07,358 - ERROR - error: 3701 invalid literal for int() with base 10: '3701大眾全球投資控股股份有限公司'
2024-04-28 17:02:47,812 - ERROR - error: 3701 invalid literal for int() with base 10: '3701大眾全球投資控股股份有限公司'
2024-04-28 17:21:02,867 - ERROR - error: 9110 'NoneType' object has no attribute 'getText'
